<?xml version="1.0" encoding="UTF-8"?>
<testsuite name="com.mobiground.configuration.factory.impl.SpringPostProcessorTest" tests="1" skipped="0" failures="0" errors="0" timestamp="2016-09-13T07:01:55" hostname="quicksilver" time="0.055">
  <properties/>
  <testcase name="postProcessorBeforeInizialitingBeanTest" classname="com.mobiground.configuration.factory.impl.SpringPostProcessorTest" time="0.055"/>
  <system-out><![CDATA[]]></system-out>
  <system-err><![CDATA[]]></system-err>
</testsuite>
