<?xml version="1.0" encoding="UTF-8"?>
<testsuite name="com.mobiground.configuration.factory.impl.ReflectionsConfigurationClassResolverTest" tests="1" skipped="0" failures="0" errors="0" timestamp="2016-09-13T07:01:55" hostname="quicksilver" time="0.416">
  <properties/>
  <testcase name="shouldFindClassesTest" classname="com.mobiground.configuration.factory.impl.ReflectionsConfigurationClassResolverTest" time="0.416"/>
  <system-out><![CDATA[]]></system-out>
  <system-err><![CDATA[]]></system-err>
</testsuite>
